0.02 0.61411 0.00
0.02 0.61411 1.00
0.02 0.61411 3.00
0.02 0.61411 5.00
0.02 0.61411 6.00
0.02 0.61411 7.30
0.02 0.61412 10.00
0.02 0.61418 23.00
0.02 0.61429 40.00
0.02 0.61446 70.00
0.02 0.61460 100.00
0.02 0.614    150
0.02 0.614   200

0.20 0.64147 0.00
0.20 0.64189 1.00
0.20 0.64285 3.00
0.20 0.64418 5.00
0.20 0.64504 6.00
0.20 0.64636 7.30
0.20 0.64984 10.00
0.20 0.67488 23.00
0.20 0.70634 40.00
0.20 0.74181 70.00
0.20 0.76364 100.00
0.20 0.787  150.0
0.20 0.805  200.0

0.40 0.67754 0.00
0.40 0.68031 1.00
0.40 0.69462 3.00
0.40 0.71820 5.00
0.40 0.73007 6.00
0.40 0.74462 7.30
0.40 0.76982 10.00
0.40 0.83681 23.00
0.40 0.879 40.00
0.40 0.924 70.00
0.40 0.953 100.00
0.40 0.982 150.00
0.40 0.999 200.00

0.60 0.72097 0.00
0.60 0.73755 1.00
0.60 0.81456 3.00
0.60 0.86770 5.00
0.60 0.88650 6.00
0.60 0.90678 7.30
0.60 0.93950 10.00
0.60 1.021 23.00
0.60 1.075 40.00
0.60 1.109 70.00
0.60 1.117 100.00
0.60 1.108 150.00
0.60 1.094 200.00

0.80 0.77032 0.00
0.80 0.83555 1.00
0.80 0.96904 3.00
0.80 1.03626 5.00
0.80 1.06051 6.00
0.80 1.08533 7.30
0.80 1.124 10.00
0.80 1.22 23.00
0.80 1.245 40.00
0.80 1.1285 70.00
0.80 1.462 100.00

1.00 0.82797 0.00
1.00 0.96458 1.00
1.00 1.13793 3.00
1.00 1.21857 5.00
1.00 1.24643 6.00
1.00 1.276 7.30
1.00 1.326 10.00
1.00 1.446 23.00
1.00 1.480 40
1.00  1.609 70

1.20 0.89250 0.00
1.20 1.13155 1.00
1.20 1.34384 3.00
1.20 1.438 5.00
1.20 1.472 6.00
1.20 1.505 7.30
1.20 1.563 10.00
1.20 1.749 23.00
1.20 1.754 40.00
1.20 1.864 70.00

1.40 0.96252 0
1.40 1.33560 1
1.40 1.58967 3
1.40 1.699 5.00
1.40 1.733 6.00
1.40 1.777 7.30 
1.40 1.838 10.00 
1.40 1.940 23.00 
1.40 2.011 40.00

1.60 1.04032 0
1.60 1.58654 1
1.60 1.88254 3
1.6  2.015    5
1.60 2.069 6.00
1.60 2.119 7.30 
1.60 2.215 10.00 

1.80 1.125 0
1.80 1.817 1
1.80 2.150 3
1.80 2.347 5
1.80 2.460 6.00
1.80 2.550 7.30
1.80 2.727 10.00

2.00 1.212 0.0
2.00 2.142 1.0
2.00 2.530 3.0
2.00 2.707 5.0
2.00 2.857 6.0
2.00 2.857 7.3
2.00 2.804 10.0

